This is pdfTeX, Version 3.14159265-2.6-1.40.18 (TeX Live 2017/Debian) (preloaded format=pdflatex 2020.4.28)  22 DEC 2020 11:59
entering extended mode
 restricted \write18 enabled.
 %&-line parsing enabled.
**labreport.tex
(./labreport.tex
LaTeX2e <2017-04-15>
Babel <3.18> and hyphenation patterns for 84 language(s) loaded.
(/usr/share/texlive/texmf-dist/tex/latex/base/article.cls
Document Class: article 2014/09/29 v1.4h Standard LaTeX document class
(/usr/share/texlive/texmf-dist/tex/latex/base/size10.clo
File: size10.clo 2014/09/29 v1.4h Standard LaTeX file (size option)
)
\c@part=\count79
\c@section=\count80
\c@subsection=\count81
\c@subsubsection=\count82
\c@paragraph=\count83
\c@subparagraph=\count84
\c@figure=\count85
\c@table=\count86
\abovecaptionskip=\skip41
\belowcaptionskip=\skip42
\bibindent=\dimen102
)
(/usr/share/texlive/texmf-dist/tex/latex/hyperref/hyperref.sty
Package: hyperref 2018/02/06 v6.86b Hypertext links for LaTeX

(/usr/share/texlive/texmf-dist/tex/generic/oberdiek/hobsub-hyperref.sty
Package: hobsub-hyperref 2016/05/16 v1.14 Bundle oberdiek, subset hyperref (HO)


(/usr/share/texlive/texmf-dist/tex/generic/oberdiek/hobsub-generic.sty
Package: hobsub-generic 2016/05/16 v1.14 Bundle oberdiek, subset generic (HO)
Package: hobsub 2016/05/16 v1.14 Construct package bundles (HO)
Package: infwarerr 2016/05/16 v1.4 Providing info/warning/error messages (HO)
Package: ltxcmds 2016/05/16 v1.23 LaTeX kernel commands for general use (HO)
Package: ifluatex 2016/05/16 v1.4 Provides the ifluatex switch (HO)
Package ifluatex Info: LuaTeX not detected.
Package: ifvtex 2016/05/16 v1.6 Detect VTeX and its facilities (HO)
Package ifvtex Info: VTeX not detected.
Package: intcalc 2016/05/16 v1.2 Expandable calculations with integers (HO)
Package: ifpdf 2017/03/15 v3.2 Provides the ifpdf switch
Package: etexcmds 2016/05/16 v1.6 Avoid name clashes with e-TeX commands (HO)
Package etexcmds Info: Could not find \expanded.
(etexcmds)             That can mean that you are not using pdfTeX 1.50 or
(etexcmds)             that some package has redefined \expanded.
(etexcmds)             In the latter case, load this package earlier.
Package: kvsetkeys 2016/05/16 v1.17 Key value parser (HO)
Package: kvdefinekeys 2016/05/16 v1.4 Define keys (HO)
Package: pdftexcmds 2018/01/21 v0.26 Utility functions of pdfTeX for LuaTeX (HO
)
Package pdftexcmds Info: LuaTeX not detected.
Package pdftexcmds Info: \pdf@primitive is available.
Package pdftexcmds Info: \pdf@ifprimitive is available.
Package pdftexcmds Info: \pdfdraftmode found.
Package: pdfescape 2016/05/16 v1.14 Implements pdfTeX's escape features (HO)
Package: bigintcalc 2016/05/16 v1.4 Expandable calculations on big integers (HO
)
Package: bitset 2016/05/16 v1.2 Handle bit-vector datatype (HO)
Package: uniquecounter 2016/05/16 v1.3 Provide unlimited unique counter (HO)
)
Package hobsub Info: Skipping package `hobsub' (already loaded).
Package: letltxmacro 2016/05/16 v1.5 Let assignment for LaTeX macros (HO)
Package: hopatch 2016/05/16 v1.3 Wrapper for package hooks (HO)
Package: xcolor-patch 2016/05/16 xcolor patch
Package: atveryend 2016/05/16 v1.9 Hooks at the very end of document (HO)
Package atveryend Info: \enddocument detected (standard20110627).
Package: atbegshi 2016/06/09 v1.18 At begin shipout hook (HO)
Package: refcount 2016/05/16 v3.5 Data extraction from label references (HO)
Package: hycolor 2016/05/16 v1.8 Color options for hyperref/bookmark (HO)
)
(/usr/share/texlive/texmf-dist/tex/latex/graphics/keyval.sty
Package: keyval 2014/10/28 v1.15 key=value parser (DPC)
\KV@toks@=\toks14
)
(/usr/share/texlive/texmf-dist/tex/generic/ifxetex/ifxetex.sty
Package: ifxetex 2010/09/12 v0.6 Provides ifxetex conditional
)
(/usr/share/texlive/texmf-dist/tex/latex/oberdiek/auxhook.sty
Package: auxhook 2016/05/16 v1.4 Hooks for auxiliary files (HO)
)
(/usr/share/texlive/texmf-dist/tex/latex/oberdiek/kvoptions.sty
Package: kvoptions 2016/05/16 v3.12 Key value format for package options (HO)
)
\@linkdim=\dimen103
\Hy@linkcounter=\count87
\Hy@pagecounter=\count88

(/usr/share/texlive/texmf-dist/tex/latex/hyperref/pd1enc.def
File: pd1enc.def 2018/02/06 v6.86b Hyperref: PDFDocEncoding definition (HO)
)
\Hy@SavedSpaceFactor=\count89

(/usr/share/texlive/texmf-dist/tex/latex/latexconfig/hyperref.cfg
File: hyperref.cfg 2002/06/06 v1.2 hyperref configuration of TeXLive
)
Package hyperref Info: Hyper figures OFF on input line 4509.
Package hyperref Info: Link nesting OFF on input line 4514.
Package hyperref Info: Hyper index ON on input line 4517.
Package hyperref Info: Plain pages OFF on input line 4524.
Package hyperref Info: Backreferencing OFF on input line 4529.
Package hyperref Info: Implicit mode ON; LaTeX internals redefined.
Package hyperref Info: Bookmarks ON on input line 4762.
\c@Hy@tempcnt=\count90

(/usr/share/texlive/texmf-dist/tex/latex/url/url.sty
\Urlmuskip=\muskip10
Package: url 2013/09/16  ver 3.4  Verb mode for urls, etc.
)
LaTeX Info: Redefining \url on input line 5115.
\XeTeXLinkMargin=\dimen104
\Fld@menulength=\count91
\Field@Width=\dimen105
\Fld@charsize=\dimen106
Package hyperref Info: Hyper figures OFF on input line 6369.
Package hyperref Info: Link nesting OFF on input line 6374.
Package hyperref Info: Hyper index ON on input line 6377.
Package hyperref Info: backreferencing OFF on input line 6384.
Package hyperref Info: Link coloring OFF on input line 6389.
Package hyperref Info: Link coloring with OCG OFF on input line 6394.
Package hyperref Info: PDF/A mode OFF on input line 6399.
LaTeX Info: Redefining \ref on input line 6439.
LaTeX Info: Redefining \pageref on input line 6443.
\Hy@abspage=\count92
\c@Item=\count93
\c@Hfootnote=\count94
)
Package hyperref Info: Driver (autodetected): hpdftex.

(/usr/share/texlive/texmf-dist/tex/latex/hyperref/hpdftex.def
File: hpdftex.def 2018/02/06 v6.86b Hyperref driver for pdfTeX
\Fld@listcount=\count95
\c@bookmark@seq@number=\count96

(/usr/share/texlive/texmf-dist/tex/latex/oberdiek/rerunfilecheck.sty
Package: rerunfilecheck 2016/05/16 v1.8 Rerun checks for auxiliary files (HO)
Package uniquecounter Info: New unique counter `rerunfilecheck' on input line 2
82.
)
\Hy@SectionHShift=\skip43
)
Package hyperref Info: Option `colorlinks' set `false' on input line 3.

(/usr/share/texlive/texmf-dist/tex/latex/geometry/geometry.sty
Package: geometry 2010/09/12 v5.6 Page Geometry
\Gm@cnth=\count97
\Gm@cntv=\count98
\c@Gm@tempcnt=\count99
\Gm@bindingoffset=\dimen107
\Gm@wd@mp=\dimen108
\Gm@odd@mp=\dimen109
\Gm@even@mp=\dimen110
\Gm@layoutwidth=\dimen111
\Gm@layoutheight=\dimen112
\Gm@layouthoffset=\dimen113
\Gm@layoutvoffset=\dimen114
\Gm@dimlist=\toks15
)
(/usr/share/texlive/texmf-dist/tex/latex/graphics/graphicx.sty
Package: graphicx 2017/06/01 v1.1a Enhanced LaTeX Graphics (DPC,SPQR)

(/usr/share/texlive/texmf-dist/tex/latex/graphics/graphics.sty
Package: graphics 2017/06/25 v1.2c Standard LaTeX Graphics (DPC,SPQR)

(/usr/share/texlive/texmf-dist/tex/latex/graphics/trig.sty
Package: trig 2016/01/03 v1.10 sin cos tan (DPC)
)
(/usr/share/texlive/texmf-dist/tex/latex/graphics-cfg/graphics.cfg
File: graphics.cfg 2016/06/04 v1.11 sample graphics configuration
)
Package graphics Info: Driver file: pdftex.def on input line 99.

(/usr/share/texlive/texmf-dist/tex/latex/graphics-def/pdftex.def
File: pdftex.def 2018/01/08 v1.0l Graphics/color driver for pdftex
))
\Gin@req@height=\dimen115
\Gin@req@width=\dimen116
)
(/usr/share/texlive/texmf-dist/tex/latex/float/float.sty
Package: float 2001/11/08 v1.3d Float enhancements (AL)
\c@float@type=\count100
\float@exts=\toks16
\float@box=\box26
\@float@everytoks=\toks17
\@floatcapt=\box27
)
(/usr/share/texlive/texmf-dist/tex/latex/subfig/subfig.sty
Package: subfig 2005/06/28 ver: 1.3 subfig package

(/usr/share/texlive/texmf-dist/tex/latex/caption/caption.sty
Package: caption 2016/02/21 v3.3-144 Customizing captions (AR)

(/usr/share/texlive/texmf-dist/tex/latex/caption/caption3.sty
Package: caption3 2016/05/22 v1.7-166 caption3 kernel (AR)
Package caption3 Info: TeX engine: e-TeX on input line 67.
\captionmargin=\dimen117
\captionmargin@=\dimen118
\captionwidth=\dimen119
\caption@tempdima=\dimen120
\caption@indent=\dimen121
\caption@parindent=\dimen122
\caption@hangindent=\dimen123
)
\c@ContinuedFloat=\count101
Package caption Info: float package is loaded.
Package caption Info: hyperref package is loaded.
)
\c@KVtest=\count102
\sf@farskip=\skip44
\sf@captopadj=\dimen124
\sf@capskip=\skip45
\sf@nearskip=\skip46
\c@subfigure=\count103
\c@subfigure@save=\count104
\c@lofdepth=\count105
\c@subtable=\count106
\c@subtable@save=\count107
\c@lotdepth=\count108
\sf@top=\skip47
\sf@bottom=\skip48
)
(./labreport.aux)
\openout1 = `labreport.aux'.

LaTeX Font Info:    Checking defaults for OML/cmm/m/it on input line 23.
LaTeX Font Info:    ... okay on input line 23.
LaTeX Font Info:    Checking defaults for T1/cmr/m/n on input line 23.
LaTeX Font Info:    ... okay on input line 23.
LaTeX Font Info:    Checking defaults for OT1/cmr/m/n on input line 23.
LaTeX Font Info:    ... okay on input line 23.
LaTeX Font Info:    Checking defaults for OMS/cmsy/m/n on input line 23.
LaTeX Font Info:    ... okay on input line 23.
LaTeX Font Info:    Checking defaults for OMX/cmex/m/n on input line 23.
LaTeX Font Info:    ... okay on input line 23.
LaTeX Font Info:    Checking defaults for U/cmr/m/n on input line 23.
LaTeX Font Info:    ... okay on input line 23.
LaTeX Font Info:    Checking defaults for PD1/pdf/m/n on input line 23.
LaTeX Font Info:    ... okay on input line 23.
\AtBeginShipoutBox=\box28
Package hyperref Info: Link coloring OFF on input line 23.
 (/usr/share/texlive/texmf-dist/tex/latex/hyperref/nameref.sty
Package: nameref 2016/05/21 v2.44 Cross-referencing by name of section
(/usr/share/texlive/texmf-dist/tex/generic/oberdiek/gettitlestring.sty
Package: gettitlestring 2016/05/16 v1.5 Cleanup title references (HO)
)
\c@section@level=\count109
)
LaTeX Info: Redefining \ref on input line 23.
LaTeX Info: Redefining \pageref on input line 23.
LaTeX Info: Redefining \nameref on input line 23.

(./labreport.out) (./labreport.out)
\@outlinefile=\write3
\openout3 = `labreport.out'.


*geometry* driver: auto-detecting
*geometry* detected driver: pdftex
*geometry* verbose mode - [ preamble ] result:
* driver: pdftex
* paper: <default>
* layout: <same size as paper>
* layoutoffset:(h,v)=(0.0pt,0.0pt)
* modes: 
* h-part:(L,W,R)=(36.98866pt, 540.31767pt, 36.98866pt)
* v-part:(T,H,B)=(36.98866pt, 720.99266pt, 36.98866pt)
* \paperwidth=614.295pt
* \paperheight=794.96999pt
* \textwidth=540.31767pt
* \textheight=720.99266pt
* \oddsidemargin=-35.28133pt
* \evensidemargin=-35.28133pt
* \topmargin=-72.28133pt
* \headheight=12.0pt
* \headsep=25.0pt
* \topskip=10.0pt
* \footskip=30.0pt
* \marginparwidth=65.0pt
* \marginparsep=11.0pt
* \columnsep=10.0pt
* \skip\footins=9.0pt plus 4.0pt minus 2.0pt
* \hoffset=0.0pt
* \voffset=0.0pt
* \mag=1000
* \@twocolumnfalse
* \@twosidefalse
* \@mparswitchfalse
* \@reversemarginfalse
* (1in=72.27pt=25.4mm, 1cm=28.453pt)

(/usr/share/texlive/texmf-dist/tex/context/base/mkii/supp-pdf.mkii
[Loading MPS to PDF converter (version 2006.09.02).]
\scratchcounter=\count110
\scratchdimen=\dimen125
\scratchbox=\box29
\nofMPsegments=\count111
\nofMParguments=\count112
\everyMPshowfont=\toks18
\MPscratchCnt=\count113
\MPscratchDim=\dimen126
\MPnumerator=\count114
\makeMPintoPDFobject=\count115
\everyMPtoPDFconversion=\toks19
) (/usr/share/texlive/texmf-dist/tex/latex/oberdiek/epstopdf-base.sty
Package: epstopdf-base 2016/05/15 v2.6 Base part for package epstopdf

(/usr/share/texlive/texmf-dist/tex/latex/oberdiek/grfext.sty
Package: grfext 2016/05/16 v1.2 Manage graphics extensions (HO)
)
Package epstopdf-base Info: Redefining graphics rule for `.eps' on input line 4
38.
Package grfext Info: Graphics extension search list:
(grfext)             [.pdf,.png,.jpg,.mps,.jpeg,.jbig2,.jb2,.PDF,.PNG,.JPG,.JPE
G,.JBIG2,.JB2,.eps]
(grfext)             \AppendGraphicsExtensions on input line 456.

(/usr/share/texlive/texmf-dist/tex/latex/latexconfig/epstopdf-sys.cfg
File: epstopdf-sys.cfg 2010/07/13 v1.3 Configuration of (r)epstopdf for TeX Liv
e
))
Package caption Info: Begin \AtBeginDocument code.
Package caption Info: subfig package v1.3 is loaded.
Package caption Info: End \AtBeginDocument code.
LaTeX Font Info:    External font `cmex10' loaded for size
(Font)              <12> on input line 25.
LaTeX Font Info:    External font `cmex10' loaded for size
(Font)              <8> on input line 25.
LaTeX Font Info:    External font `cmex10' loaded for size
(Font)              <6> on input line 25.
<../graphs/RiskAssessment.png, id=56, 544.1931pt x 695.2374pt>
File: ../graphs/RiskAssessment.png Graphic file (type png)
<use ../graphs/RiskAssessment.png>
Package pdftex.def Info: ../graphs/RiskAssessment.png  used on input line 28.
(pdftex.def)             Requested size: 402.53403pt x 514.25545pt.
LaTeX Font Info:    External font `cmex10' loaded for size
(Font)              <7> on input line 32.
LaTeX Font Info:    External font `cmex10' loaded for size
(Font)              <5> on input line 32.

[1

{/var/lib/texmf/fonts/map/pdftex/updmap/pdftex.map} <../graphs/RiskAssessment.p
ng>]
LaTeX Font Info:    Try loading font information for OMS+cmr on input line 36.
 (/usr/share/texlive/texmf-dist/tex/latex/base/omscmr.fd
File: omscmr.fd 2014/09/29 v2.5h Standard LaTeX font definitions
)
LaTeX Font Info:    Font shape `OMS/cmr/m/n' in size <10> not available
(Font)              Font shape `OMS/cmsy/m/n' tried instead on input line 36.
<../graphs/experiment.png, id=70, 1310.8975pt x 256.96pt>
File: ../graphs/experiment.png Graphic file (type png)
<use ../graphs/experiment.png>
Package pdftex.def Info: ../graphs/experiment.png  used on input line 44.
(pdftex.def)             Requested size: 270.15883pt x 47.09184pt.

Underfull \hbox (badness 10000) in paragraph at lines 40--47

 []

<../graphs/F05A4Graph.png, id=75, 1084.05pt x 361.35pt>
File: ../graphs/F05A4Graph.png Graphic file (type png)
<use ../graphs/F05A4Graph.png>
Package pdftex.def Info: ../graphs/F05A4Graph.png  used on input line 54.
(pdftex.def)             Requested size: 540.31767pt x 192.73083pt.

Underfull \hbox (badness 10000) in paragraph at lines 51--57

 []

<../graphs/F10A3Graph.png, id=77, 1084.05pt x 361.35pt>
File: ../graphs/F10A3Graph.png Graphic file (type png)
<use ../graphs/F10A3Graph.png>
Package pdftex.def Info: ../graphs/F10A3Graph.png  used on input line 60.
(pdftex.def)             Requested size: 540.31767pt x 201.33488pt.
<../graphs/F15A2Graph.png, id=79, 1084.05pt x 361.35pt>
File: ../graphs/F15A2Graph.png Graphic file (type png)
<use ../graphs/F15A2Graph.png>
Package pdftex.def Info: ../graphs/F15A2Graph.png  used on input line 66.
(pdftex.def)             Requested size: 540.31767pt x 201.33488pt.
[2 <../graphs/experiment.png> <../graphs/F05A4Graph.png>]
<../graphs/F05A4Period.png, id=95, 722.7pt x 156.585pt>
File: ../graphs/F05A4Period.png Graphic file (type png)
<use ../graphs/F05A4Period.png>
Package pdftex.def Info: ../graphs/F05A4Period.png  used on input line 73.
(pdftex.def)             Requested size: 540.31767pt x 132.75142pt.

Underfull \hbox (badness 10000) in paragraph at lines 70--76

 []

<../graphs/F10A3Period.png, id=97, 722.7pt x 154.5775pt>
File: ../graphs/F10A3Period.png Graphic file (type png)
<use ../graphs/F10A3Period.png>
Package pdftex.def Info: ../graphs/F10A3Period.png  used on input line 79.
(pdftex.def)             Requested size: 540.31767pt x 131.04947pt.
<../graphs/F15A2Period.png, id=99, 722.7pt x 157.58875pt>
File: ../graphs/F15A2Period.png Graphic file (type png)
<use ../graphs/F15A2Period.png>
Package pdftex.def Info: ../graphs/F15A2Period.png  used on input line 85.
(pdftex.def)             Requested size: 540.31767pt x 133.60239pt.
[3 <../graphs/F10A3Graph.png> <../graphs/F15A2Graph.png> <../graphs/F05A4Period
.png>]
Overfull \hbox (11.66185pt too wide) in paragraph at lines 92--100
 [][] 
 []


Underfull \hbox (badness 10000) in paragraph at lines 89--102

 []


Overfull \hbox (4.51143pt too wide) in paragraph at lines 107--114
 [][] 
 []


Underfull \hbox (badness 10000) in paragraph at lines 120--133

 []

[4 <../graphs/F10A3Period.png> <../graphs/F15A2Period.png>]
<../graphs/celerityvslength.png, id=133, 722.7pt x 361.35pt>
File: ../graphs/celerityvslength.png Graphic file (type png)
<use ../graphs/celerityvslength.png>
Package pdftex.def Info: ../graphs/celerityvslength.png  used on input line 158
.
(pdftex.def)             Requested size: 540.31767pt x 270.16272pt.
<../graphs/F05A4Probe3.png, id=134, 433.62pt x 289.08pt>
File: ../graphs/F05A4Probe3.png Graphic file (type png)
<use ../graphs/F05A4Probe3.png>
Package pdftex.def Info: ../graphs/F05A4Probe3.png  used on input line 167.
(pdftex.def)             Requested size: 178.30582pt x 129.03056pt.
<../graphs/F10A3Probe3.png, id=136, 433.62pt x 289.08pt>
File: ../graphs/F10A3Probe3.png Graphic file (type png)
<use ../graphs/F10A3Probe3.png>
Package pdftex.def Info: ../graphs/F10A3Probe3.png  used on input line 168.
(pdftex.def)             Requested size: 178.30582pt x 129.03056pt.
<../graphs/F15A2Probe3.png, id=138, 433.62pt x 289.08pt>
File: ../graphs/F15A2Probe3.png Graphic file (type png)
<use ../graphs/F15A2Probe3.png>
Package pdftex.def Info: ../graphs/F15A2Probe3.png  used on input line 169.
(pdftex.def)             Requested size: 178.30582pt x 129.03056pt.
 [5 <../graphs/celerityvslength.png>]
<../graphs/Probe3.png, id=148, 1084.05pt x 578.16pt>
File: ../graphs/Probe3.png Graphic file (type png)
<use ../graphs/Probe3.png>
Package pdftex.def Info: ../graphs/Probe3.png  used on input line 176.
(pdftex.def)             Requested size: 540.31767pt x 290.2939pt.

Underfull \hbox (badness 10000) in paragraph at lines 173--179

 []

<../graphs/F05A4AllProbes.png, id=150, 1228.59pt x 361.35pt>
File: ../graphs/F05A4AllProbes.png Graphic file (type png)
<use ../graphs/F05A4AllProbes.png>
Package pdftex.def Info: ../graphs/F05A4AllProbes.png  used on input line 185.
(pdftex.def)             Requested size: 540.31767pt x 165.88487pt.
<../graphs/F10A3AllProbes.png, id=152, 1228.59pt x 361.35pt>
File: ../graphs/F10A3AllProbes.png Graphic file (type png)
<use ../graphs/F10A3AllProbes.png>
Package pdftex.def Info: ../graphs/F10A3AllProbes.png  used on input line 192.
(pdftex.def)             Requested size: 540.31767pt x 165.88487pt.
[6 <../graphs/F05A4Probe3.png> <../graphs/F10A3Probe3.png> <../graphs/F15A2Prob
e3.png> <../graphs/Probe3.png>]
<../graphs/F15A2AllProbes.png, id=171, 1228.59pt x 361.35pt>
File: ../graphs/F15A2AllProbes.png Graphic file (type png)
<use ../graphs/F15A2AllProbes.png>
Package pdftex.def Info: ../graphs/F15A2AllProbes.png  used on input line 199.
(pdftex.def)             Requested size: 540.31767pt x 165.88487pt.
 [7 <../graphs/F05A4AllProbes.png> <../graphs/F10A3AllProbes.png> <../graphs/F1
5A2AllProbes.png>]
<../graphs/F05A4Probe1Envelope.png, id=191, 722.7pt x 361.35pt>
File: ../graphs/F05A4Probe1Envelope.png Graphic file (type png)
<use ../graphs/F05A4Probe1Envelope.png>
Package pdftex.def Info: ../graphs/F05A4Probe1Envelope.png  used on input line 
209.
(pdftex.def)             Requested size: 270.15883pt x 140.63081pt.
<../graphs/F05A4Probe5Envelope.png, id=193, 722.7pt x 361.35pt>
File: ../graphs/F05A4Probe5Envelope.png Graphic file (type png)
<use ../graphs/F05A4Probe5Envelope.png>
Package pdftex.def Info: ../graphs/F05A4Probe5Envelope.png  used on input line 
210.
(pdftex.def)             Requested size: 270.15883pt x 140.63081pt.

Underfull \hbox (badness 10000) in paragraph at lines 206--213

 []

<../graphs/F10A3Probe1Envelope.png, id=195, 722.7pt x 361.35pt>
File: ../graphs/F10A3Probe1Envelope.png Graphic file (type png)
<use ../graphs/F10A3Probe1Envelope.png>
Package pdftex.def Info: ../graphs/F10A3Probe1Envelope.png  used on input line 
217.
(pdftex.def)             Requested size: 270.15883pt x 140.63081pt.
<../graphs/F10A3Probe5Envelope.png, id=197, 722.7pt x 361.35pt>
File: ../graphs/F10A3Probe5Envelope.png Graphic file (type png)
<use ../graphs/F10A3Probe5Envelope.png>
Package pdftex.def Info: ../graphs/F10A3Probe5Envelope.png  used on input line 
218.
(pdftex.def)             Requested size: 270.15883pt x 140.63081pt.
<../graphs/F15A2Probe1Envelope.png, id=199, 722.7pt x 361.35pt>
File: ../graphs/F15A2Probe1Envelope.png Graphic file (type png)
<use ../graphs/F15A2Probe1Envelope.png>
Package pdftex.def Info: ../graphs/F15A2Probe1Envelope.png  used on input line 
225.
(pdftex.def)             Requested size: 270.15883pt x 140.63081pt.
<../graphs/F15A2Probe5Envelope.png, id=201, 722.7pt x 361.35pt>
File: ../graphs/F15A2Probe5Envelope.png Graphic file (type png)
<use ../graphs/F15A2Probe5Envelope.png>
Package pdftex.def Info: ../graphs/F15A2Probe5Envelope.png  used on input line 
226.
(pdftex.def)             Requested size: 270.15883pt x 140.63081pt.
<../graphs/F05A4Probes1and5Envelope.png, id=206, 794.97pt x 289.08pt>
File: ../graphs/F05A4Probes1and5Envelope.png Graphic file (type png)
<use ../graphs/F05A4Probes1and5Envelope.png>
Package pdftex.def Info: ../graphs/F05A4Probes1and5Envelope.png  used on input 
line 233.
(pdftex.def)             Requested size: 540.31767pt x 197.04607pt.

Underfull \hbox (badness 10000) in paragraph at lines 230--236

 []

<../graphs/F10A3Probes1and5Envelope.png, id=208, 794.97pt x 289.08pt>
File: ../graphs/F10A3Probes1and5Envelope.png Graphic file (type png)
<use ../graphs/F10A3Probes1and5Envelope.png>
Package pdftex.def Info: ../graphs/F10A3Probes1and5Envelope.png  used on input 
line 240.
(pdftex.def)             Requested size: 540.31767pt x 197.04607pt.
[8 <../graphs/F05A4Probe1Envelope.png> <../graphs/F05A4Probe5Envelope.png> <../
graphs/F10A3Probe1Envelope.png> <../graphs/F10A3Probe5Envelope.png> <../graphs/
F15A2Probe1Envelope.png> <../graphs/F15A2Probe5Envelope.png>]
<../graphs/F15A2Probes1and5Envelope.png, id=238, 794.97pt x 289.08pt>
File: ../graphs/F15A2Probes1and5Envelope.png Graphic file (type png)
<use ../graphs/F15A2Probes1and5Envelope.png>
Package pdftex.def Info: ../graphs/F15A2Probes1and5Envelope.png  used on input 
line 247.
(pdftex.def)             Requested size: 540.31767pt x 197.04607pt.
 [9 <../graphs/F05A4Probes1and5Envelope.png> <../graphs/F10A3Probes1and5Envelop
e.png> <../graphs/F15A2Probes1and5Envelope.png>]
Package atveryend Info: Empty hook `BeforeClearDocument' on input line 262.
 [10]
Package atveryend Info: Empty hook `AfterLastShipout' on input line 262.
 (./labreport.aux)
Package atveryend Info: Executing hook `AtVeryEndDocument' on input line 262.
Package atveryend Info: Executing hook `AtEndAfterFileList' on input line 262.
Package rerunfilecheck Info: File `labreport.out' has not changed.
(rerunfilecheck)             Checksum: E90298D2596E7FC83E086F40EB0073DE;944.
Package atveryend Info: Empty hook `AtVeryVeryEnd' on input line 262.
 ) 
Here is how much of TeX's memory you used:
 6935 strings out of 492982
 108410 string characters out of 6134896
 204743 words of memory out of 5000000
 10383 multiletter control sequences out of 15000+600000
 8254 words of font info for 29 fonts, out of 8000000 for 9000
 1141 hyphenation exceptions out of 8191
 44i,9n,42p,1094b,352s stack positions out of 5000i,500n,10000p,200000b,80000s
</usr/share/texlive/texmf-dist/fonts/type1/public/amsfonts/cm/cmbx10.pfb></us
r/share/texlive/texmf-dist/fonts/type1/public/amsfonts/cm/cmbx12.pfb></usr/shar
e/texlive/texmf-dist/fonts/type1/public/amsfonts/cm/cmbxti10.pfb></usr/share/te
xlive/texmf-dist/fonts/type1/public/amsfonts/cm/cmmi10.pfb></usr/share/texlive/
texmf-dist/fonts/type1/public/amsfonts/cm/cmmi7.pfb></usr/share/texlive/texmf-d
ist/fonts/type1/public/amsfonts/cm/cmr10.pfb></usr/share/texlive/texmf-dist/fon
ts/type1/public/amsfonts/cm/cmr12.pfb></usr/share/texlive/texmf-dist/fonts/type
1/public/amsfonts/cm/cmr17.pfb></usr/share/texlive/texmf-dist/fonts/type1/publi
c/amsfonts/cm/cmr7.pfb></usr/share/texlive/texmf-dist/fonts/type1/public/amsfon
ts/cm/cmsy10.pfb></usr/share/texlive/texmf-dist/fonts/type1/public/amsfonts/cm/
cmsy7.pfb>
Output written on labreport.pdf (10 pages, 1672625 bytes).
PDF statistics:
 310 PDF objects out of 1000 (max. 8388607)
 210 compressed objects within 3 object streams
 61 named destinations out of 1000 (max. 500000)
 368 words of extra memory for PDF output out of 10000 (max. 10000000)

